2024-01-14 19:39:22,416 - DEBUG - Bot script started.
2024-01-14 19:41:16,840 - DEBUG - Bot script started.
2024-01-14 19:41:42,267 - DEBUG - Attempting to give awards
2024-01-14 19:41:47,752 - DEBUG - Assigning award: 42 to pilot: Engines, Lt Cdr
2024-01-14 19:41:47,752 - DEBUG - Attempting to assign LCR role for award ID 42
2024-01-14 19:45:49,746 - DEBUG - Bot script started.
2024-01-14 19:46:11,473 - DEBUG - Attempting to give awards
2024-01-14 19:46:16,333 - DEBUG - Assigning award: 42 to pilot: Lt Cdr Engines
2024-01-14 19:46:16,333 - DEBUG - Attempting to assign LCR role for award ID 42
2024-01-14 19:46:22,632 - DEBUG - Bot script started.
2024-01-14 19:46:47,373 - DEBUG - Bot script started.
2024-01-14 19:47:01,925 - DEBUG - Attempting to give awards
2024-01-14 19:47:07,062 - DEBUG - Assigning award: 42 to pilot: Lt Cdr Engines
2024-01-14 19:47:07,062 - DEBUG - Attempting to assign LCR role for award ID 42
2024-01-14 19:48:35,206 - DEBUG - Bot script started.
2024-01-14 19:50:43,970 - DEBUG - Bot script started.
2024-01-14 19:51:20,427 - DEBUG - Attempting to give awards
2024-01-14 19:51:27,497 - DEBUG - Assigning award: 42 to pilot: Lt Cdr Engines
2024-01-14 19:51:27,497 - DEBUG - Attempting to assign LCR role for award ID 42
2024-01-14 19:52:59,292 - DEBUG - Bot script started.
2024-01-14 19:53:19,490 - DEBUG - Attempting to give awards
2024-01-14 19:53:26,053 - DEBUG - Assigning award: 42 to pilot: Lt Cdr Engines
2024-01-14 19:53:26,053 - DEBUG - Attempting to assign LCR role for award ID 42
2024-01-14 19:53:26,054 - DEBUG - Found Discord user ID: 666056172192923649 for pilot: Engines, Lt Cdr
2024-01-14 19:53:26,054 - WARNING - Member or role not found. Member: engines., Role: None
2024-01-14 20:02:33,873 - DEBUG - Attempting to give awards
2024-01-14 20:02:38,766 - DEBUG - Assigning award: 42 to pilot: Lt Cdr Engines
2024-01-14 20:02:38,766 - DEBUG - Attempting to assign LCR role for award ID 42
2024-01-14 20:02:38,767 - DEBUG - Found Discord user ID: 666056172192923649 for pilot: Engines, Lt Cdr
2024-01-14 20:02:38,767 - WARNING - Member or role not found. Member: engines., Role: None
2024-01-14 20:07:11,103 - DEBUG - Bot script started.
2024-01-14 20:07:26,136 - DEBUG - Attempting to give awards
2024-01-14 20:07:30,116 - DEBUG - Assigning award: 42 to pilot: Lt Cdr Engines
2024-01-14 20:07:30,116 - DEBUG - Attempting to assign LCR role for award ID 42
2024-01-14 20:07:30,116 - DEBUG - Assigning role id: 1196287080184152064
2024-01-14 20:07:30,117 - DEBUG - Found Discord user ID: 666056172192923649 for pilot: Engines, Lt Cdr
2024-01-14 20:07:30,117 - WARNING - Member or role not found. Member: engines., Role: None
2024-01-14 20:08:59,373 - DEBUG - Bot script started.
2024-01-14 20:09:29,041 - DEBUG - Attempting to give awards
2024-01-14 20:09:36,513 - DEBUG - Assigning award: 42 to pilot: Lt Cdr Engines
2024-01-14 20:09:36,513 - DEBUG - Attempting to assign LCR role for award ID 42
2024-01-14 20:09:36,513 - DEBUG - Assigning role id: 1196287080184152064
2024-01-14 20:09:36,513 - DEBUG - Assigning role id 1196287080184152064 to Engines
2024-01-14 20:09:36,514 - DEBUG - Found Discord user ID: 666056172192923649 for pilot: Engines, Lt Cdr
2024-01-14 20:09:36,514 - WARNING - Member or role not found. Member: engines., Role: None
2024-01-14 20:13:29,960 - DEBUG - Bot script started.
2024-01-14 20:13:41,793 - DEBUG - Attempting to give awards
2024-01-14 20:13:45,991 - DEBUG - Assigning award: 42 to pilot: Lt Cdr Engines
2024-01-14 20:13:45,991 - DEBUG - Attempting to assign LCR role for award ID 42
2024-01-14 20:13:45,991 - DEBUG - Assigning role id: 1196287080184152064
2024-01-14 20:13:45,991 - DEBUG - Attempting to assign role ID 1196287080184152064 to pilot: Lt Cdr Engines
2024-01-14 20:13:45,992 - DEBUG - Guild ID: 1190999875609968690, Guild Name: ETDS
2024-01-14 20:13:45,992 - DEBUG - Role ID: 1190999875609968690, Role Name: @everyone
2024-01-14 20:13:45,992 - DEBUG - Role ID: 1196303166854140006, Role Name: logso
2024-01-14 20:13:45,992 - DEBUG - Role ID: 1196287277001871481, Role Name: CR
2024-01-14 20:13:45,992 - DEBUG - Role ID: 1196287080184152064, Role Name: LCR
2024-01-14 20:13:45,992 - DEBUG - Role ID: 1195908014746640434, Role Name: Squadron Commanders
2024-01-14 20:13:45,992 - DEBUG - Role ID: 1195900618225758229, Role Name: Server admin
2024-01-14 20:13:45,993 - DEBUG - Role ID: 1195557831223545888, Role Name: Controllers
2024-01-14 20:13:59,516 - DEBUG - Bot script started.
2024-01-14 20:14:06,656 - DEBUG - Attempting to give awards
2024-01-14 20:14:10,838 - DEBUG - Assigning award: 42 to pilot: Lt Cdr Engines
2024-01-14 20:14:10,839 - DEBUG - Attempting to assign LCR role for award ID 42
2024-01-14 20:14:10,839 - DEBUG - Assigning role id: 1196287080184152064
2024-01-14 20:14:10,839 - DEBUG - Attempting to assign role ID 1196287080184152064 to pilot: Lt Cdr Engines
2024-01-14 20:14:10,839 - DEBUG - Guild ID: 1190999875609968690, Guild Name: ETDS
2024-01-14 20:14:10,839 - DEBUG - Role ID: 1190999875609968690, Role Name: @everyone
2024-01-14 20:14:10,839 - DEBUG - Role ID: 1196303166854140006, Role Name: logso
2024-01-14 20:14:10,839 - DEBUG - Role ID: 1196287277001871481, Role Name: CR
2024-01-14 20:14:10,840 - DEBUG - Role ID: 1196287080184152064, Role Name: LCR
2024-01-14 20:14:10,840 - DEBUG - Role ID: 1195908014746640434, Role Name: Squadron Commanders
2024-01-14 20:14:10,840 - DEBUG - Role ID: 1195900618225758229, Role Name: Server admin
2024-01-14 20:14:10,840 - DEBUG - Role ID: 1195557831223545888, Role Name: Controllers
2024-01-14 20:14:11,001 - ERROR - Error assigning role: 403 Forbidden (error code: 50013): Missing Permissions
2024-01-14 20:14:28,264 - DEBUG - Attempting to give awards
2024-01-14 20:14:33,121 - DEBUG - Assigning award: 42 to pilot: Lt Cdr Engines
2024-01-14 20:14:33,121 - DEBUG - Attempting to assign LCR role for award ID 42
2024-01-14 20:14:33,121 - DEBUG - Assigning role id: 1196287080184152064
2024-01-14 20:14:33,122 - DEBUG - Attempting to assign role ID 1196287080184152064 to pilot: Lt Cdr Engines
2024-01-14 20:14:33,122 - DEBUG - Guild ID: 1190999875609968690, Guild Name: ETDS
2024-01-14 20:14:33,122 - DEBUG - Role ID: 1190999875609968690, Role Name: @everyone
2024-01-14 20:14:33,122 - DEBUG - Role ID: 1196303166854140006, Role Name: logso
2024-01-14 20:14:33,122 - DEBUG - Role ID: 1196287277001871481, Role Name: CR
2024-01-14 20:14:33,122 - DEBUG - Role ID: 1196287080184152064, Role Name: LCR
2024-01-14 20:14:33,122 - DEBUG - Role ID: 1195908014746640434, Role Name: Squadron Commanders
2024-01-14 20:14:33,123 - DEBUG - Role ID: 1195900618225758229, Role Name: Server admin
2024-01-14 20:14:33,123 - DEBUG - Role ID: 1195557831223545888, Role Name: Controllers
2024-01-14 20:14:33,283 - ERROR - Error assigning role: 403 Forbidden (error code: 50013): Missing Permissions
2024-01-14 20:16:45,077 - DEBUG - Attempting to give awards
2024-01-14 20:16:49,337 - DEBUG - Assigning award: 42 to pilot: Lt Cdr Engines
2024-01-14 20:16:49,337 - DEBUG - Attempting to assign LCR role for award ID 42
2024-01-14 20:16:49,337 - DEBUG - Assigning role id: 1196287080184152064
2024-01-14 20:16:49,337 - DEBUG - Attempting to assign role ID 1196287080184152064 to pilot: Lt Cdr Engines
2024-01-14 20:16:49,338 - DEBUG - Guild ID: 1190999875609968690, Guild Name: ETDS
2024-01-14 20:16:49,338 - DEBUG - Role ID: 1190999875609968690, Role Name: @everyone
2024-01-14 20:16:49,338 - DEBUG - Role ID: 1196287277001871481, Role Name: CR
2024-01-14 20:16:49,338 - DEBUG - Role ID: 1196287080184152064, Role Name: LCR
2024-01-14 20:16:49,338 - DEBUG - Role ID: 1195908014746640434, Role Name: Squadron Commanders
2024-01-14 20:16:49,338 - DEBUG - Role ID: 1195900618225758229, Role Name: Server admin
2024-01-14 20:16:49,338 - DEBUG - Role ID: 1195557831223545888, Role Name: Controllers
2024-01-14 20:16:49,339 - DEBUG - Role ID: 1196303166854140006, Role Name: logso
2024-01-14 20:16:49,568 - INFO - Assigned role LCR to user Engines
2024-01-14 20:38:46,454 - DEBUG - Attempting to give awards
2024-01-14 20:38:52,071 - DEBUG - Assigning award: 16 to pilot: Lt Cdr Engines
2024-01-14 20:38:52,071 - DEBUG - Attempting to assign CR role for award ID 16
2024-01-14 20:38:52,071 - DEBUG - Attempting to assign role ID 1196287277001871481 to pilot: Lt Cdr Engines
2024-01-14 20:38:52,072 - DEBUG - Guild ID: 1190999875609968690, Guild Name: ETDS
2024-01-14 20:38:52,072 - DEBUG - Role ID: 1190999875609968690, Role Name: @everyone
2024-01-14 20:38:52,072 - DEBUG - Role ID: 1196287277001871481, Role Name: CR
2024-01-14 20:38:52,072 - DEBUG - Role ID: 1196287080184152064, Role Name: LCR
2024-01-14 20:38:52,072 - DEBUG - Role ID: 1195908014746640434, Role Name: Squadron Commanders
2024-01-14 20:38:52,072 - DEBUG - Role ID: 1195900618225758229, Role Name: Server admin
2024-01-14 20:38:52,072 - DEBUG - Role ID: 1195557831223545888, Role Name: Controllers
2024-01-14 20:38:52,072 - DEBUG - Role ID: 1196303166854140006, Role Name: logso
2024-01-14 20:38:52,288 - INFO - Assigned role CR to user Engines
2024-01-14 23:54:34,931 - DEBUG - Bot script started.
2024-01-14 23:59:37,978 - DEBUG - Bot script started.
2024-01-15 00:02:54,321 - DEBUG - Bot script started.
2024-01-15 00:10:31,300 - DEBUG - Bot script started.
2024-01-15 00:12:41,266 - DEBUG - Bot script started.
2024-01-15 00:13:14,310 - INFO - Checking channel: Text Channels
2024-01-15 00:13:14,311 - INFO - Checking channel: Voice Channels
2024-01-15 00:13:14,311 - INFO - Checking channel: general
2024-01-15 00:13:14,311 - INFO - Checking channel: General
2024-01-15 00:13:14,311 - INFO - Checking channel: controllers
2024-01-15 00:13:14,311 - INFO - Checking channel: flight-plans
2024-01-15 00:13:14,311 - INFO - Found channel: flight-plans
2024-01-15 00:13:14,311 - ERROR - Role not found.
2024-01-15 00:16:00,118 - DEBUG - Bot script started.
2024-01-15 00:16:25,901 - INFO - Checking channel: Text Channels
2024-01-15 00:16:25,901 - INFO - Checking channel: Voice Channels
2024-01-15 00:16:25,901 - INFO - Checking channel: general
2024-01-15 00:16:25,901 - INFO - Checking channel: General
2024-01-15 00:16:25,901 - INFO - Checking channel: controllers
2024-01-15 00:16:25,901 - INFO - Checking channel: flight-plans
2024-01-15 00:16:25,901 - INFO - Found channel: flight-plans
2024-01-15 00:16:25,901 - INFO - Looking for role ID: 1195557831223545888.  Corresponsing role name: None
2024-01-15 00:16:25,901 - ERROR - Role not found.
2024-01-15 00:19:28,401 - DEBUG - Bot script started.
2024-01-15 00:19:59,784 - INFO - Checking channel: Text Channels
2024-01-15 00:19:59,784 - INFO - Checking channel: Voice Channels
2024-01-15 00:19:59,785 - INFO - Checking channel: general
2024-01-15 00:19:59,785 - INFO - Checking channel: General
2024-01-15 00:19:59,785 - INFO - Checking channel: controllers
2024-01-15 00:19:59,785 - INFO - Checking channel: flight-plans
2024-01-15 00:19:59,785 - INFO - Found channel: flight-plans
2024-01-15 00:19:59,785 - INFO - Looking for role ID: 1195557831223545888.  Corresponsing role name: Controllers
2024-01-15 00:19:59,785 - INFO - Found role: Controllers
2024-01-15 11:44:30,680 - DEBUG - Bot script started.
2024-01-15 11:46:19,482 - INFO - Checking channel: 617 Sqn Crew Room
2024-01-15 11:46:19,483 - INFO - Checking channel: operation-purple-warrior
2024-01-15 11:46:19,483 - INFO - Checking channel: JSW HQ
2024-01-15 11:46:19,483 - INFO - Checking channel: hardware-and-software
2024-01-15 11:46:19,483 - INFO - Checking channel: guests
2024-01-15 11:46:19,483 - INFO - Checking channel: squadron-commanders
2024-01-15 11:46:19,483 - INFO - Checking channel: General Channels
2024-01-15 11:46:19,483 - INFO - Checking channel: range-booking
2024-01-15 11:46:19,484 - INFO - Checking channel: mission-briefings
2024-01-15 11:46:19,484 - INFO - Checking channel: 4 Sqn Crew Room
2024-01-15 11:46:19,484 - INFO - Checking channel: ops-room
2024-01-15 11:46:19,484 - INFO - Checking channel: orders-from-hq
2024-01-15 11:46:19,484 - INFO - Checking channel: briefing-and-debrief
2024-01-15 11:46:19,484 - INFO - Checking channel: JSW HQ
2024-01-15 11:46:19,484 - INFO - Checking channel: lizzy-chat
2024-01-15 11:46:19,484 - INFO - Checking channel: server-details
2024-01-15 11:46:19,485 - INFO - Checking channel: qhi-office
2024-01-15 11:46:19,485 - INFO - Checking channel: server-admin
2024-01-15 11:46:19,485 - INFO - Checking channel: IV AC Sqn
2024-01-15 11:46:19,485 - INFO - Checking channel: special-events
2024-01-15 11:46:19,485 - INFO - Checking channel: media
2024-01-15 11:46:19,485 - INFO - Checking channel: operation-rampart
2024-01-15 11:46:19,485 - INFO - Checking channel: cw-wardroom
2024-01-15 11:46:19,485 - INFO - Checking channel: mods-and-skins
2024-01-15 11:46:19,486 - INFO - Checking channel: operation-shader
2024-01-15 11:46:19,486 - INFO - Checking channel: JSW Crew Room
2024-01-15 11:46:19,486 - INFO - Checking channel: sqn-bar
2024-01-15 11:46:19,486 - INFO - Checking channel: 892 NAS
2024-01-15 11:46:19,486 - INFO - Checking channel: Green Channel
2024-01-15 11:46:19,486 - INFO - Checking channel: controllers-bar
2024-01-15 11:46:19,486 - INFO - Checking channel: JSW CO’s Office
2024-01-15 11:46:19,486 - INFO - Checking channel: 801 NAS Wardroom
2024-01-15 11:46:19,487 - INFO - Checking channel: joint-exercises
2024-01-15 11:46:19,487 - INFO - Checking channel: ops
2024-01-15 11:46:19,487 - INFO - Checking channel: logistics-office
2024-01-15 11:46:19,487 - INFO - Checking channel: Operations
2024-01-15 11:46:19,487 - INFO - Checking channel: Logistics
2024-01-15 11:46:19,487 - INFO - Checking channel: WWII RAF
2024-01-15 11:46:19,487 - INFO - Checking channel: orders
2024-01-15 11:46:19,487 - INFO - Checking channel: Check Flight
2024-01-15 11:46:19,488 - INFO - Checking channel: mods-and-skins
2024-01-15 11:46:19,488 - INFO - Checking channel: 892 NAS Wardroom
2024-01-15 11:46:19,488 - INFO - Checking channel: hq
2024-01-15 11:46:19,488 - INFO - Checking channel: OCU QFI's Office
2024-01-15 11:46:19,488 - INFO - Checking channel: paddles
2024-01-15 11:46:19,488 - INFO - Checking channel: sqn-bar
2024-01-15 11:46:19,488 - INFO - Checking channel: welcome-channel
2024-01-15 11:46:19,488 - INFO - Checking channel: 617 Sqn RAF
2024-01-15 11:46:19,489 - INFO - Checking channel: training-syllabus
2024-01-15 11:46:19,489 - INFO - Checking channel: mission-making
2024-01-15 11:46:19,489 - INFO - Checking channel: Yellow Channel
2024-01-15 11:46:19,489 - INFO - Checking channel: Blue Channel
2024-01-15 11:46:19,490 - INFO - Checking channel: sqn-bar
2024-01-15 11:46:19,490 - INFO - Checking channel: training-reference
2024-01-15 11:46:19,490 - INFO - Checking channel: cw-flyco
2024-01-15 11:46:19,490 - INFO - Checking channel: reference
2024-01-15 11:46:19,490 - INFO - Checking channel: Voice Channels
2024-01-15 11:46:19,490 - INFO - Checking channel: ops-room
2024-01-15 11:46:19,490 - INFO - Checking channel: paddles
2024-01-15 11:46:19,490 - INFO - Checking channel: organise-flights
2024-01-15 11:46:19,490 - INFO - Checking channel: Mission Briefing
2024-01-15 11:46:19,491 - INFO - Checking channel: qfi-office
2024-01-15 11:46:19,491 - INFO - Checking channel: Controllers Corner
2024-01-15 11:46:19,491 - INFO - Checking channel: XI F Sqn RAF
2024-01-15 11:46:19,491 - INFO - Checking channel: Red Channel
2024-01-15 11:46:19,491 - INFO - Checking channel: operation-thresher
2024-01-15 11:46:19,491 - INFO - Checking channel: squadron-commanders
2024-01-15 11:46:19,491 - INFO - Checking channel: Mission Making
2024-01-15 11:46:19,491 - INFO - Checking channel: crew-bar
2024-01-15 11:46:19,492 - INFO - Checking channel: 656 AAC Crew Room
2024-01-15 11:46:19,492 - INFO - Checking channel: sqn-bar
2024-01-15 11:46:19,492 - INFO - Checking channel: sqn-bar
2024-01-15 11:46:19,492 - INFO - Checking channel: hq
2024-01-15 11:46:19,492 - INFO - Checking channel: dcs-world-general
2024-01-15 11:46:19,492 - INFO - Checking channel: library
2024-01-15 11:46:19,492 - INFO - Checking channel: training-syllabus
2024-01-15 11:46:19,492 - INFO - Checking channel: sorties
2024-01-15 11:46:19,493 - INFO - Checking channel: dispersal-hut
2024-01-15 11:46:19,493 - INFO - Checking channel: aggressors
2024-01-15 11:46:19,493 - INFO - Checking channel: Reference Library
2024-01-15 11:46:19,493 - INFO - Checking channel: training-reference
2024-01-15 11:46:19,493 - INFO - Checking channel: WWII Luftwaffe
2024-01-15 11:46:19,493 - INFO - Checking channel: briefings
2024-01-15 11:46:19,493 - INFO - Checking channel: 656 Sqn AAC
2024-01-15 11:46:19,493 - INFO - Checking channel: ops-room
2024-01-15 11:46:19,494 - INFO - Checking channel: 801 NAS
2024-01-15 11:46:19,494 - INFO - Checking channel: WWII
2024-01-15 11:46:19,494 - INFO - Checking channel: ATC
2024-01-15 11:46:19,494 - INFO - Checking channel: orders-and-tasking
2024-01-15 11:46:19,494 - INFO - Checking channel: flight-plans
2024-01-15 11:46:19,494 - INFO - Found channel: flight-plans
2024-01-15 11:46:19,494 - INFO - Looking for role ID: 939955938486538250.  Corresponsing role name: Controllers
2024-01-15 11:46:19,494 - INFO - Found role: Controllers
2024-01-15 14:23:19,277 - DEBUG - Attempting to give awards
<<<<<<< HEAD
2024-01-16 16:26:26,231 - DEBUG - Bot script started.
2024-01-16 16:27:20,506 - DEBUG - Bot script started.
=======
>>>>>>> cd9b18f0ab8822a7d6e9f4ba46673e31b187d6d3
