2024-01-14 00:22:00,180 - DEBUG - STREAM b'IHDR' 16 13
2024-01-14 00:22:00,181 - DEBUG - STREAM b'IDAT' 41 265
2024-01-14 00:22:00,181 - DEBUG - STREAM b'IHDR' 16 13
2024-01-14 00:22:00,181 - DEBUG - STREAM b'IDAT' 41 274
2024-01-14 00:22:00,182 - DEBUG - STREAM b'IHDR' 16 13
2024-01-14 00:22:00,182 - DEBUG - STREAM b'IDAT' 41 266
2024-01-14 00:22:00,183 - DEBUG - STREAM b'IHDR' 16 13
2024-01-14 00:22:00,183 - DEBUG - STREAM b'IDAT' 41 269
2024-01-14 00:22:00,183 - DEBUG - STREAM b'IHDR' 16 13
2024-01-14 00:22:00,183 - DEBUG - STREAM b'IDAT' 41 268
2024-01-14 00:22:00,184 - DEBUG - STREAM b'IHDR' 16 13
2024-01-14 00:22:00,184 - DEBUG - STREAM b'IDAT' 41 271
2024-01-14 00:22:00,185 - DEBUG - STREAM b'IHDR' 16 13
2024-01-14 00:22:00,185 - DEBUG - STREAM b'IDAT' 41 270
2024-01-14 00:22:00,185 - DEBUG - STREAM b'IHDR' 16 13
2024-01-14 00:22:00,185 - DEBUG - STREAM b'IDAT' 41 260
2024-01-14 00:22:00,186 - DEBUG - STREAM b'IHDR' 16 13
2024-01-14 00:22:00,186 - DEBUG - STREAM b'IDAT' 41 246
2024-01-14 00:22:00,186 - DEBUG - STREAM b'IHDR' 16 13
2024-01-14 00:22:00,186 - DEBUG - STREAM b'IDAT' 41 266
2024-01-14 00:22:00,187 - DEBUG - STREAM b'IHDR' 16 13
2024-01-14 00:22:00,187 - DEBUG - STREAM b'IDAT' 41 264
2024-01-14 00:22:00,188 - DEBUG - STREAM b'IHDR' 16 13
2024-01-14 00:22:00,188 - DEBUG - STREAM b'IDAT' 41 272
2024-01-14 00:22:00,188 - DEBUG - STREAM b'IHDR' 16 13
2024-01-14 00:22:00,188 - DEBUG - STREAM b'IDAT' 41 247
2024-01-14 00:22:07,129 - DEBUG - STREAM b'IHDR' 16 13
2024-01-14 00:22:07,130 - DEBUG - STREAM b'IDAT' 41 266
2024-01-14 00:22:07,130 - DEBUG - STREAM b'IHDR' 16 13
2024-01-14 00:22:07,130 - DEBUG - STREAM b'IDAT' 41 265
2024-01-14 00:22:07,131 - DEBUG - STREAM b'IHDR' 16 13
2024-01-14 00:22:07,131 - DEBUG - STREAM b'IDAT' 41 274
2024-01-14 00:22:07,132 - DEBUG - STREAM b'IHDR' 16 13
2024-01-14 00:22:07,132 - DEBUG - STREAM b'IDAT' 41 266
2024-01-14 00:22:07,132 - DEBUG - STREAM b'IHDR' 16 13
2024-01-14 00:22:07,132 - DEBUG - STREAM b'IDAT' 41 269
2024-01-14 00:22:07,133 - DEBUG - STREAM b'IHDR' 16 13
2024-01-14 00:22:07,133 - DEBUG - STREAM b'IDAT' 41 250
2024-01-14 00:22:07,133 - DEBUG - STREAM b'IHDR' 16 13
2024-01-14 00:22:07,134 - DEBUG - STREAM b'IDAT' 41 259
2024-01-14 00:22:07,134 - DEBUG - STREAM b'IHDR' 16 13
2024-01-14 00:22:07,134 - DEBUG - STREAM b'IDAT' 41 273
2024-01-14 00:22:07,135 - DEBUG - STREAM b'IHDR' 16 13
2024-01-14 00:22:07,135 - DEBUG - STREAM b'IDAT' 41 246
2024-01-14 00:22:07,135 - DEBUG - STREAM b'IHDR' 16 13
2024-01-14 00:22:07,135 - DEBUG - STREAM b'IDAT' 41 268
2024-01-14 00:22:07,136 - DEBUG - STREAM b'IHDR' 16 13
2024-01-14 00:22:07,136 - DEBUG - STREAM b'IDAT' 41 271
2024-01-14 00:22:07,136 - DEBUG - STREAM b'IHDR' 16 13
2024-01-14 00:22:07,137 - DEBUG - STREAM b'IDAT' 41 270
2024-01-14 00:22:07,137 - DEBUG - STREAM b'IHDR' 16 13
2024-01-14 00:22:07,137 - DEBUG - STREAM b'IDAT' 41 260
2024-01-14 00:22:07,138 - DEBUG - STREAM b'IHDR' 16 13
2024-01-14 00:22:07,138 - DEBUG - STREAM b'IDAT' 41 246
2024-01-14 00:22:07,138 - DEBUG - STREAM b'IHDR' 16 13
2024-01-14 00:22:07,138 - DEBUG - STREAM b'IDAT' 41 266
2024-01-14 00:22:07,139 - DEBUG - STREAM b'IHDR' 16 13
2024-01-14 00:22:07,139 - DEBUG - STREAM b'IDAT' 41 264
2024-01-14 00:22:07,139 - DEBUG - STREAM b'IHDR' 16 13
2024-01-14 00:22:07,139 - DEBUG - STREAM b'IDAT' 41 253
2024-01-14 00:22:07,140 - DEBUG - STREAM b'IHDR' 16 13
2024-01-14 00:22:07,140 - DEBUG - STREAM b'IDAT' 41 256
2024-01-14 00:22:07,141 - DEBUG - STREAM b'IHDR' 16 13
2024-01-14 00:22:07,141 - DEBUG - STREAM b'IDAT' 41 272
2024-01-14 00:22:07,141 - DEBUG - STREAM b'IHDR' 16 13
2024-01-14 00:22:07,141 - DEBUG - STREAM b'IDAT' 41 269
2024-01-14 00:22:07,142 - DEBUG - STREAM b'IHDR' 16 13
2024-01-14 00:22:07,142 - DEBUG - STREAM b'IDAT' 41 249
2024-01-14 00:23:09,101 - INFO - Running merge.lua script
2024-01-14 00:23:09,132 - INFO - Processing combined data
2024-01-14 00:23:09,212 - INFO - Created html output
2024-01-14 00:23:09,213 - INFO - Generating pilot pages
2024-01-14 00:26:49,361 - INFO - Shard ID None has successfully RESUMED session 39bdf57dfbd30ff50bf4862d4c4f0cb5.
